Start testing: Nov 03 12:24 +01
----------------------------------------------------------
1/5 Testing: MLX42.Window.Basic
1/5 Test: MLX42.Window.Basic
Command: "/Users/rel-mora/Desktop/cub3d/MLX42/build/unit_tests" "--gtest_filter=Window.Basic" "--gtest_also_run_disabled_tests"
Directory: /Users/rel-mora/Desktop/cub3d/MLX42/tests
"MLX42.Window.Basic" start time: Nov 03 12:24 +01
Output:
----------------------------------------------------------
Running main() from /Users/rel-mora/Desktop/cub3d/MLX42/build/_deps/googletest-src/googletest/src/gtest_main.cc
Note: Google Test filter = Window.Basic
[==========] Running 1 test from 1 test suite.
[----------] Global test environment set-up.
[----------] 1 test from Window
[ RUN      ] Window.Basic
[       OK ] Window.Basic (174 ms)
[----------] 1 test from Window (174 ms total)

[----------] Global test environment tear-down
[==========] 1 test from 1 test suite ran. (174 ms total)
[  PASSED  ] 1 test.
<end of output>
Test time =   0.19 sec
----------------------------------------------------------
Test Passed.
"MLX42.Window.Basic" end time: Nov 03 12:24 +01
"MLX42.Window.Basic" time elapsed: 00:00:00
----------------------------------------------------------

2/5 Testing: MLX42.Window.SingleImage
2/5 Test: MLX42.Window.SingleImage
Command: "/Users/rel-mora/Desktop/cub3d/MLX42/build/unit_tests" "--gtest_filter=Window.SingleImage" "--gtest_also_run_disabled_tests"
Directory: /Users/rel-mora/Desktop/cub3d/MLX42/tests
"MLX42.Window.SingleImage" start time: Nov 03 12:24 +01
Output:
----------------------------------------------------------
Running main() from /Users/rel-mora/Desktop/cub3d/MLX42/build/_deps/googletest-src/googletest/src/gtest_main.cc
Note: Google Test filter = Window.SingleImage
[==========] Running 1 test from 1 test suite.
[----------] Global test environment set-up.
[----------] 1 test from Window
[ RUN      ] Window.SingleImage
[       OK ] Window.SingleImage (128 ms)
[----------] 1 test from Window (128 ms total)

[----------] Global test environment tear-down
[==========] 1 test from 1 test suite ran. (128 ms total)
[  PASSED  ] 1 test.
<end of output>
Test time =   0.14 sec
----------------------------------------------------------
Test Passed.
"MLX42.Window.SingleImage" end time: Nov 03 12:24 +01
"MLX42.Window.SingleImage" time elapsed: 00:00:00
----------------------------------------------------------

3/5 Testing: MLX42.Window.MultipleImages
3/5 Test: MLX42.Window.MultipleImages
Command: "/Users/rel-mora/Desktop/cub3d/MLX42/build/unit_tests" "--gtest_filter=Window.MultipleImages" "--gtest_also_run_disabled_tests"
Directory: /Users/rel-mora/Desktop/cub3d/MLX42/tests
"MLX42.Window.MultipleImages" start time: Nov 03 12:24 +01
Output:
----------------------------------------------------------
Running main() from /Users/rel-mora/Desktop/cub3d/MLX42/build/_deps/googletest-src/googletest/src/gtest_main.cc
Note: Google Test filter = Window.MultipleImages
[==========] Running 1 test from 1 test suite.
[----------] Global test environment set-up.
[----------] 1 test from Window
[ RUN      ] Window.MultipleImages
[       OK ] Window.MultipleImages (111 ms)
[----------] 1 test from Window (111 ms total)

[----------] Global test environment tear-down
[==========] 1 test from 1 test suite ran. (111 ms total)
[  PASSED  ] 1 test.
<end of output>
Test time =   0.12 sec
----------------------------------------------------------
Test Passed.
"MLX42.Window.MultipleImages" end time: Nov 03 12:24 +01
"MLX42.Window.MultipleImages" time elapsed: 00:00:00
----------------------------------------------------------

4/5 Testing: MLX42.Window.stringTortureTest
4/5 Test: MLX42.Window.stringTortureTest
Command: "/Users/rel-mora/Desktop/cub3d/MLX42/build/unit_tests" "--gtest_filter=Window.stringTortureTest" "--gtest_also_run_disabled_tests"
Directory: /Users/rel-mora/Desktop/cub3d/MLX42/tests
"MLX42.Window.stringTortureTest" start time: Nov 03 12:24 +01
Output:
----------------------------------------------------------
Running main() from /Users/rel-mora/Desktop/cub3d/MLX42/build/_deps/googletest-src/googletest/src/gtest_main.cc
Note: Google Test filter = Window.stringTortureTest
[==========] Running 1 test from 1 test suite.
[----------] Global test environment set-up.
[----------] 1 test from Window
[ RUN      ] Window.stringTortureTest
[       OK ] Window.stringTortureTest (1061 ms)
[----------] 1 test from Window (1061 ms total)

[----------] Global test environment tear-down
[==========] 1 test from 1 test suite ran. (1061 ms total)
[  PASSED  ] 1 test.
<end of output>
Test time =   1.07 sec
----------------------------------------------------------
Test Passed.
"MLX42.Window.stringTortureTest" end time: Nov 03 12:24 +01
"MLX42.Window.stringTortureTest" time elapsed: 00:00:01
----------------------------------------------------------

5/5 Testing: MLX42.MWindow.Settings
5/5 Test: MLX42.MWindow.Settings
Command: "/Users/rel-mora/Desktop/cub3d/MLX42/build/unit_tests" "--gtest_filter=MWindow.Settings" "--gtest_also_run_disabled_tests"
Directory: /Users/rel-mora/Desktop/cub3d/MLX42/tests
"MLX42.MWindow.Settings" start time: Nov 03 12:24 +01
Output:
----------------------------------------------------------
Running main() from /Users/rel-mora/Desktop/cub3d/MLX42/build/_deps/googletest-src/googletest/src/gtest_main.cc
Note: Google Test filter = MWindow.Settings
[==========] Running 1 test from 1 test suite.
[----------] Global test environment set-up.
[----------] 1 test from MWindow
[ RUN      ] MWindow.Settings
[       OK ] MWindow.Settings (3531 ms)
[----------] 1 test from MWindow (3531 ms total)

[----------] Global test environment tear-down
[==========] 1 test from 1 test suite ran. (3531 ms total)
[  PASSED  ] 1 test.
<end of output>
Test time =   3.55 sec
----------------------------------------------------------
Test Passed.
"MLX42.MWindow.Settings" end time: Nov 03 12:24 +01
"MLX42.MWindow.Settings" time elapsed: 00:00:03
----------------------------------------------------------

End testing: Nov 03 12:24 +01
